{"/Users/yannicinselmann/Project/Private/openapi-ts/src/generatePathsInterface.ts": {"path":"/Users/yannicinselmann/Project/Private/openapi-ts/src/generatePathsInterface.ts","all":false,"statementMap":{"0":{"start":{"line":1,"column":0},"end":{"line":1,"column":42}},"1":{"start":{"line":2,"column":0},"end":{"line":2,"column":28}},"2":{"start":{"line":3,"column":0},"end":{"line":3,"column":56}},"3":{"start":{"line":4,"column":0},"end":{"line":4,"column":0}},"4":{"start":{"line":5,"column":0},"end":{"line":5,"column":96}},"5":{"start":{"line":6,"column":0},"end":{"line":6,"column":46}},"6":{"start":{"line":7,"column":0},"end":{"line":7,"column":47}},"7":{"start":{"line":8,"column":0},"end":{"line":8,"column":3}},"8":{"start":{"line":9,"column":0},"end":{"line":9,"column":0}},"9":{"start":{"line":10,"column":0},"end":{"line":10,"column":42}},"10":{"start":{"line":11,"column":0},"end":{"line":11,"column":70}},"11":{"start":{"line":12,"column":0},"end":{"line":12,"column":48}},"12":{"start":{"line":13,"column":0},"end":{"line":13,"column":18}},"13":{"start":{"line":14,"column":0},"end":{"line":14,"column":56}},"14":{"start":{"line":15,"column":0},"end":{"line":15,"column":18}},"15":{"start":{"line":16,"column":0},"end":{"line":16,"column":39}},"16":{"start":{"line":17,"column":0},"end":{"line":17,"column":8}},"17":{"start":{"line":18,"column":0},"end":{"line":18,"column":6}},"18":{"start":{"line":19,"column":0},"end":{"line":19,"column":3}},"19":{"start":{"line":20,"column":0},"end":{"line":20,"column":1}},"20":{"start":{"line":21,"column":0},"end":{"line":21,"column":0}},"21":{"start":{"line":22,"column":0},"end":{"line":22,"column":25}},"22":{"start":{"line":23,"column":0},"end":{"line":23,"column":66}},"23":{"start":{"line":24,"column":0},"end":{"line":24,"column":3}},"24":{"start":{"line":25,"column":0},"end":{"line":25,"column":42}},"25":{"start":{"line":26,"column":0},"end":{"line":26,"column":37}},"26":{"start":{"line":27,"column":0},"end":{"line":27,"column":3}},"27":{"start":{"line":28,"column":0},"end":{"line":28,"column":42}},"28":{"start":{"line":29,"column":0},"end":{"line":29,"column":0}},"29":{"start":{"line":30,"column":0},"end":{"line":30,"column":42}},"30":{"start":{"line":31,"column":0},"end":{"line":31,"column":58}},"31":{"start":{"line":32,"column":0},"end":{"line":32,"column":48}},"32":{"start":{"line":33,"column":0},"end":{"line":33,"column":18}},"33":{"start":{"line":34,"column":0},"end":{"line":34,"column":56}},"34":{"start":{"line":35,"column":0},"end":{"line":35,"column":18}},"35":{"start":{"line":36,"column":0},"end":{"line":36,"column":39}},"36":{"start":{"line":37,"column":0},"end":{"line":37,"column":8}},"37":{"start":{"line":38,"column":0},"end":{"line":38,"column":6}},"38":{"start":{"line":39,"column":0},"end":{"line":39,"column":3}},"39":{"start":{"line":40,"column":0},"end":{"line":40,"column":1}},"40":{"start":{"line":41,"column":0},"end":{"line":41,"column":0}},"41":{"start":{"line":42,"column":0},"end":{"line":42,"column":23}},"42":{"start":{"line":43,"column":0},"end":{"line":43,"column":17}},"43":{"start":{"line":44,"column":0},"end":{"line":44,"column":39}},"44":{"start":{"line":45,"column":0},"end":{"line":45,"column":71}},"45":{"start":{"line":46,"column":0},"end":{"line":46,"column":3}},"46":{"start":{"line":47,"column":0},"end":{"line":47,"column":44}},"47":{"start":{"line":48,"column":0},"end":{"line":48,"column":14}},"48":{"start":{"line":49,"column":0},"end":{"line":49,"column":25}},"49":{"start":{"line":50,"column":0},"end":{"line":50,"column":14}},"50":{"start":{"line":51,"column":0},"end":{"line":51,"column":38}},"51":{"start":{"line":52,"column":0},"end":{"line":52,"column":41}},"52":{"start":{"line":53,"column":0},"end":{"line":53,"column":18}},"53":{"start":{"line":54,"column":0},"end":{"line":54,"column":20}},"54":{"start":{"line":55,"column":0},"end":{"line":55,"column":18}},"55":{"start":{"line":56,"column":0},"end":{"line":56,"column":41}},"56":{"start":{"line":57,"column":0},"end":{"line":57,"column":65}},"57":{"start":{"line":58,"column":0},"end":{"line":58,"column":54}},"58":{"start":{"line":59,"column":0},"end":{"line":59,"column":24}},"59":{"start":{"line":60,"column":0},"end":{"line":60,"column":21}},"60":{"start":{"line":61,"column":0},"end":{"line":61,"column":24}},"61":{"start":{"line":62,"column":0},"end":{"line":62,"column":39}},"62":{"start":{"line":63,"column":0},"end":{"line":63,"column":14}},"63":{"start":{"line":64,"column":0},"end":{"line":64,"column":12}},"64":{"start":{"line":65,"column":0},"end":{"line":65,"column":9}},"65":{"start":{"line":66,"column":0},"end":{"line":66,"column":8}},"66":{"start":{"line":67,"column":0},"end":{"line":67,"column":41}},"67":{"start":{"line":68,"column":0},"end":{"line":68,"column":18}},"68":{"start":{"line":69,"column":0},"end":{"line":69,"column":22}},"69":{"start":{"line":70,"column":0},"end":{"line":70,"column":18}},"70":{"start":{"line":71,"column":0},"end":{"line":71,"column":35}},"71":{"start":{"line":72,"column":0},"end":{"line":72,"column":8}},"72":{"start":{"line":73,"column":0},"end":{"line":73,"column":6}},"73":{"start":{"line":74,"column":0},"end":{"line":74,"column":3}},"74":{"start":{"line":75,"column":0},"end":{"line":75,"column":1}},"75":{"start":{"line":76,"column":0},"end":{"line":76,"column":0}},"76":{"start":{"line":77,"column":0},"end":{"line":77,"column":69}},"77":{"start":{"line":78,"column":0},"end":{"line":78,"column":53}},"78":{"start":{"line":79,"column":0},"end":{"line":79,"column":49}},"79":{"start":{"line":80,"column":0},"end":{"line":80,"column":48}},"80":{"start":{"line":81,"column":0},"end":{"line":81,"column":18}},"81":{"start":{"line":82,"column":0},"end":{"line":82,"column":20}},"82":{"start":{"line":83,"column":0},"end":{"line":83,"column":18}},"83":{"start":{"line":84,"column":0},"end":{"line":84,"column":41}},"84":{"start":{"line":85,"column":0},"end":{"line":85,"column":11}},"85":{"start":{"line":86,"column":0},"end":{"line":86,"column":68}},"86":{"start":{"line":87,"column":0},"end":{"line":87,"column":26}},"87":{"start":{"line":88,"column":0},"end":{"line":88,"column":28}},"88":{"start":{"line":89,"column":0},"end":{"line":89,"column":23}},"89":{"start":{"line":90,"column":0},"end":{"line":90,"column":37}},"90":{"start":{"line":91,"column":0},"end":{"line":91,"column":38}},"91":{"start":{"line":92,"column":0},"end":{"line":92,"column":16}},"92":{"start":{"line":93,"column":0},"end":{"line":93,"column":25}},"93":{"start":{"line":94,"column":0},"end":{"line":94,"column":79}},"94":{"start":{"line":95,"column":0},"end":{"line":95,"column":27}},"95":{"start":{"line":96,"column":0},"end":{"line":96,"column":28}},"96":{"start":{"line":97,"column":0},"end":{"line":97,"column":24}},"97":{"start":{"line":98,"column":0},"end":{"line":98,"column":38}},"98":{"start":{"line":99,"column":0},"end":{"line":99,"column":39}},"99":{"start":{"line":100,"column":0},"end":{"line":100,"column":16}},"100":{"start":{"line":101,"column":0},"end":{"line":101,"column":48}},"101":{"start":{"line":102,"column":0},"end":{"line":102,"column":9}},"102":{"start":{"line":103,"column":0},"end":{"line":103,"column":8}},"103":{"start":{"line":104,"column":0},"end":{"line":104,"column":6}},"104":{"start":{"line":105,"column":0},"end":{"line":105,"column":4}},"105":{"start":{"line":106,"column":0},"end":{"line":106,"column":0}},"106":{"start":{"line":107,"column":0},"end":{"line":107,"column":63}},"107":{"start":{"line":108,"column":0},"end":{"line":108,"column":14}},"108":{"start":{"line":109,"column":0},"end":{"line":109,"column":12}},"109":{"start":{"line":110,"column":0},"end":{"line":110,"column":14}},"110":{"start":{"line":111,"column":0},"end":{"line":111,"column":14}},"111":{"start":{"line":112,"column":0},"end":{"line":112,"column":3}},"112":{"start":{"line":113,"column":0},"end":{"line":113,"column":0}},"113":{"start":{"line":114,"column":0},"end":{"line":114,"column":41}},"114":{"start":{"line":115,"column":0},"end":{"line":115,"column":22}},"115":{"start":{"line":116,"column":0},"end":{"line":116,"column":7}},"116":{"start":{"line":117,"column":0},"end":{"line":117,"column":27}},"117":{"start":{"line":118,"column":0},"end":{"line":118,"column":29}},"118":{"start":{"line":119,"column":0},"end":{"line":119,"column":20}},"119":{"start":{"line":120,"column":0},"end":{"line":120,"column":4}},"120":{"start":{"line":121,"column":0},"end":{"line":121,"column":73}},"121":{"start":{"line":122,"column":0},"end":{"line":122,"column":0}},"122":{"start":{"line":123,"column":0},"end":{"line":123,"column":27}},"123":{"start":{"line":124,"column":0},"end":{"line":124,"column":37}},"124":{"start":{"line":125,"column":0},"end":{"line":125,"column":32}},"125":{"start":{"line":126,"column":0},"end":{"line":126,"column":41}},"126":{"start":{"line":127,"column":0},"end":{"line":127,"column":18}},"127":{"start":{"line":128,"column":0},"end":{"line":128,"column":38}},"128":{"start":{"line":129,"column":0},"end":{"line":129,"column":15}},"129":{"start":{"line":130,"column":0},"end":{"line":130,"column":45}},"130":{"start":{"line":131,"column":0},"end":{"line":131,"column":19}},"131":{"start":{"line":132,"column":0},"end":{"line":132,"column":10}},"132":{"start":{"line":133,"column":0},"end":{"line":133,"column":45}},"133":{"start":{"line":134,"column":0},"end":{"line":134,"column":8}},"134":{"start":{"line":135,"column":0},"end":{"line":135,"column":40}},"135":{"start":{"line":136,"column":0},"end":{"line":136,"column":21}},"136":{"start":{"line":137,"column":0},"end":{"line":137,"column":7}},"137":{"start":{"line":138,"column":0},"end":{"line":138,"column":15}},"138":{"start":{"line":139,"column":0},"end":{"line":139,"column":3}},"139":{"start":{"line":140,"column":0},"end":{"line":140,"column":1}}},"s":{"0":1,"1":1,"2":1,"3":1,"4":3,"5":3,"6":0,"7":0,"8":3,"9":3,"10":3,"11":3,"12":3,"13":3,"14":3,"15":3,"16":3,"17":3,"18":3,"19":3,"20":1,"21":6,"22":6,"23":6,"24":6,"25":0,"26":0,"27":6,"28":6,"29":6,"30":6,"31":6,"32":6,"33":6,"34":6,"35":6,"36":6,"37":6,"38":6,"39":6,"40":1,"41":3,"42":3,"43":3,"44":3,"45":3,"46":3,"47":3,"48":3,"49":3,"50":3,"51":3,"52":3,"53":3,"54":3,"55":3,"56":3,"57":6,"58":6,"59":6,"60":6,"61":6,"62":6,"63":3,"64":3,"65":3,"66":3,"67":3,"68":3,"69":3,"70":3,"71":3,"72":3,"73":3,"74":3,"75":1,"76":1,"77":1,"78":1,"79":1,"80":1,"81":1,"82":1,"83":1,"84":1,"85":1,"86":1,"87":1,"88":1,"89":1,"90":1,"91":1,"92":1,"93":1,"94":1,"95":1,"96":1,"97":1,"98":1,"99":1,"100":1,"101":1,"102":1,"103":1,"104":1,"105":1,"106":1,"107":1,"108":1,"109":1,"110":1,"111":1,"112":1,"113":1,"114":1,"115":1,"116":1,"117":1,"118":1,"119":1,"120":1,"121":1,"122":1,"123":1,"124":1,"125":1,"126":1,"127":1,"128":1,"129":1,"130":1,"131":1,"132":1,"133":1,"134":1,"135":1,"136":1,"137":1,"138":1,"139":1},"branchMap":{"0":{"type":"branch","line":5,"loc":{"start":{"line":5,"column":0},"end":{"line":20,"column":1}},"locations":[{"start":{"line":5,"column":0},"end":{"line":20,"column":1}}]},"1":{"type":"branch","line":6,"loc":{"start":{"line":6,"column":45},"end":{"line":8,"column":3}},"locations":[{"start":{"line":6,"column":45},"end":{"line":8,"column":3}}]},"2":{"type":"branch","line":11,"loc":{"start":{"line":11,"column":44},"end":{"line":18,"column":5}},"locations":[{"start":{"line":11,"column":44},"end":{"line":18,"column":5}}]},"3":{"type":"branch","line":22,"loc":{"start":{"line":22,"column":0},"end":{"line":40,"column":1}},"locations":[{"start":{"line":22,"column":0},"end":{"line":40,"column":1}}]},"4":{"type":"branch","line":25,"loc":{"start":{"line":25,"column":41},"end":{"line":27,"column":3}},"locations":[{"start":{"line":25,"column":41},"end":{"line":27,"column":3}}]},"5":{"type":"branch","line":28,"loc":{"start":{"line":28,"column":28},"end":{"line":28,"column":42}},"locations":[{"start":{"line":28,"column":28},"end":{"line":28,"column":42}}]},"6":{"type":"branch","line":31,"loc":{"start":{"line":31,"column":32},"end":{"line":38,"column":5}},"locations":[{"start":{"line":31,"column":32},"end":{"line":38,"column":5}}]},"7":{"type":"branch","line":42,"loc":{"start":{"line":42,"column":0},"end":{"line":75,"column":1}},"locations":[{"start":{"line":42,"column":0},"end":{"line":75,"column":1}}]},"8":{"type":"branch","line":57,"loc":{"start":{"line":57,"column":40},"end":{"line":64,"column":11}},"locations":[{"start":{"line":57,"column":40},"end":{"line":64,"column":11}}]},"9":{"type":"branch","line":77,"loc":{"start":{"line":77,"column":7},"end":{"line":140,"column":1}},"locations":[{"start":{"line":77,"column":7},"end":{"line":140,"column":1}}]},"10":{"type":"branch","line":79,"loc":{"start":{"line":79,"column":29},"end":{"line":104,"column":5}},"locations":[{"start":{"line":79,"column":29},"end":{"line":104,"column":5}}]},"11":{"type":"branch","line":86,"loc":{"start":{"line":86,"column":19},"end":{"line":86,"column":68}},"locations":[{"start":{"line":86,"column":19},"end":{"line":86,"column":68}}]},"12":{"type":"branch","line":140,"loc":{"start":{"line":140,"column":0},"end":{"line":140,"column":1}},"locations":[{"start":{"line":140,"column":0},"end":{"line":140,"column":1}}]}},"b":{"0":[3],"1":[0],"2":[3],"3":[6],"4":[0],"5":[0],"6":[6],"7":[3],"8":[6],"9":[1],"10":[1],"11":[0],"12":[1]},"fnMap":{"0":{"name":"getRequestBody","decl":{"start":{"line":5,"column":0},"end":{"line":20,"column":1}},"loc":{"start":{"line":5,"column":0},"end":{"line":20,"column":1}},"line":5},"1":{"name":"getResponseType","decl":{"start":{"line":22,"column":0},"end":{"line":40,"column":1}},"loc":{"start":{"line":22,"column":0},"end":{"line":40,"column":1}},"line":22},"2":{"name":"getMethodType","decl":{"start":{"line":42,"column":0},"end":{"line":75,"column":1}},"loc":{"start":{"line":42,"column":0},"end":{"line":75,"column":1}},"line":42},"3":{"name":"generatePathsInterface","decl":{"start":{"line":77,"column":7},"end":{"line":140,"column":1}},"loc":{"start":{"line":77,"column":7},"end":{"line":140,"column":1}},"line":77},"4":{"name":"get","decl":{"start":{"line":140,"column":0},"end":{"line":140,"column":1}},"loc":{"start":{"line":140,"column":0},"end":{"line":140,"column":1}},"line":140}},"f":{"0":3,"1":6,"2":3,"3":1,"4":1}}
,"/Users/yannicinselmann/Project/Private/openapi-ts/src/getTypeNameFromRef.ts": {"path":"/Users/yannicinselmann/Project/Private/openapi-ts/src/getTypeNameFromRef.ts","all":false,"statementMap":{"0":{"start":{"line":1,"column":0},"end":{"line":1,"column":57}},"1":{"start":{"line":2,"column":0},"end":{"line":2,"column":31}},"2":{"start":{"line":3,"column":0},"end":{"line":3,"column":1}}},"s":{"0":1,"1":0,"2":0},"branchMap":{},"b":{},"fnMap":{"0":{"name":"getTypeNameFromRef","decl":{"start":{"line":1,"column":56},"end":{"line":3,"column":1}},"loc":{"start":{"line":1,"column":56},"end":{"line":3,"column":1}},"line":1},"1":{"name":"get","decl":{"start":{"line":3,"column":0},"end":{"line":3,"column":1}},"loc":{"start":{"line":3,"column":0},"end":{"line":3,"column":1}},"line":3}},"f":{"0":0,"1":0}}
,"/Users/yannicinselmann/Project/Private/openapi-ts/src/getTypescriptType.ts": {"path":"/Users/yannicinselmann/Project/Private/openapi-ts/src/getTypescriptType.ts","all":false,"statementMap":{"0":{"start":{"line":1,"column":0},"end":{"line":1,"column":41}},"1":{"start":{"line":2,"column":0},"end":{"line":2,"column":27}},"2":{"start":{"line":3,"column":0},"end":{"line":3,"column":57}},"3":{"start":{"line":4,"column":0},"end":{"line":4,"column":0}},"4":{"start":{"line":5,"column":0},"end":{"line":5,"column":72}},"5":{"start":{"line":6,"column":0},"end":{"line":6,"column":18}},"6":{"start":{"line":7,"column":0},"end":{"line":7,"column":42}},"7":{"start":{"line":8,"column":0},"end":{"line":8,"column":32}},"8":{"start":{"line":9,"column":0},"end":{"line":9,"column":86}},"9":{"start":{"line":10,"column":0},"end":{"line":10,"column":8}},"10":{"start":{"line":11,"column":0},"end":{"line":11,"column":5}},"11":{"start":{"line":12,"column":0},"end":{"line":12,"column":3}},"12":{"start":{"line":13,"column":0},"end":{"line":13,"column":53}},"13":{"start":{"line":14,"column":0},"end":{"line":14,"column":1}},"14":{"start":{"line":15,"column":0},"end":{"line":15,"column":0}},"15":{"start":{"line":16,"column":0},"end":{"line":16,"column":111}},"16":{"start":{"line":17,"column":0},"end":{"line":17,"column":40}},"17":{"start":{"line":18,"column":0},"end":{"line":18,"column":25}},"18":{"start":{"line":19,"column":0},"end":{"line":19,"column":37}},"19":{"start":{"line":20,"column":0},"end":{"line":20,"column":6}},"20":{"start":{"line":21,"column":0},"end":{"line":21,"column":3}},"21":{"start":{"line":22,"column":0},"end":{"line":22,"column":1}},"22":{"start":{"line":23,"column":0},"end":{"line":23,"column":0}},"23":{"start":{"line":24,"column":0},"end":{"line":24,"column":72}},"24":{"start":{"line":25,"column":0},"end":{"line":25,"column":42}},"25":{"start":{"line":26,"column":0},"end":{"line":26,"column":62}},"26":{"start":{"line":27,"column":0},"end":{"line":27,"column":74}},"27":{"start":{"line":28,"column":0},"end":{"line":28,"column":61}},"28":{"start":{"line":29,"column":0},"end":{"line":29,"column":19}},"29":{"start":{"line":30,"column":0},"end":{"line":30,"column":104}},"30":{"start":{"line":31,"column":0},"end":{"line":31,"column":6}},"31":{"start":{"line":32,"column":0},"end":{"line":32,"column":3}},"32":{"start":{"line":33,"column":0},"end":{"line":33,"column":1}},"33":{"start":{"line":34,"column":0},"end":{"line":34,"column":0}},"34":{"start":{"line":35,"column":0},"end":{"line":35,"column":73}},"35":{"start":{"line":36,"column":0},"end":{"line":36,"column":22}},"36":{"start":{"line":37,"column":0},"end":{"line":37,"column":18}},"37":{"start":{"line":38,"column":0},"end":{"line":38,"column":42}},"38":{"start":{"line":39,"column":0},"end":{"line":39,"column":18}},"39":{"start":{"line":40,"column":0},"end":{"line":40,"column":42}},"40":{"start":{"line":41,"column":0},"end":{"line":41,"column":19}},"41":{"start":{"line":42,"column":0},"end":{"line":42,"column":58}},"42":{"start":{"line":43,"column":0},"end":{"line":43,"column":18}},"43":{"start":{"line":44,"column":0},"end":{"line":44,"column":19}},"44":{"start":{"line":45,"column":0},"end":{"line":45,"column":57}},"45":{"start":{"line":46,"column":0},"end":{"line":46,"column":12}},"46":{"start":{"line":47,"column":0},"end":{"line":47,"column":58}},"47":{"start":{"line":48,"column":0},"end":{"line":48,"column":3}},"48":{"start":{"line":49,"column":0},"end":{"line":49,"column":1}},"49":{"start":{"line":50,"column":0},"end":{"line":50,"column":0}},"50":{"start":{"line":51,"column":0},"end":{"line":51,"column":106}},"51":{"start":{"line":52,"column":0},"end":{"line":52,"column":23}},"52":{"start":{"line":53,"column":0},"end":{"line":53,"column":76}},"53":{"start":{"line":54,"column":0},"end":{"line":54,"column":3}},"54":{"start":{"line":55,"column":0},"end":{"line":55,"column":19}},"55":{"start":{"line":56,"column":0},"end":{"line":56,"column":45}},"56":{"start":{"line":57,"column":0},"end":{"line":57,"column":3}},"57":{"start":{"line":58,"column":0},"end":{"line":58,"column":30}},"58":{"start":{"line":59,"column":0},"end":{"line":59,"column":73}},"59":{"start":{"line":60,"column":0},"end":{"line":60,"column":3}},"60":{"start":{"line":61,"column":0},"end":{"line":61,"column":0}},"61":{"start":{"line":62,"column":0},"end":{"line":62,"column":52}},"62":{"start":{"line":63,"column":0},"end":{"line":63,"column":0}},"63":{"start":{"line":64,"column":0},"end":{"line":64,"column":128}},"64":{"start":{"line":65,"column":0},"end":{"line":65,"column":1}}},"s":{"0":1,"1":1,"2":1,"3":1,"4":9,"5":9,"6":0,"7":0,"8":0,"9":0,"10":0,"11":0,"12":9,"13":9,"14":1,"15":0,"16":0,"17":0,"18":0,"19":0,"20":0,"21":0,"22":1,"23":9,"24":9,"25":9,"26":9,"27":9,"28":0,"29":9,"30":9,"31":9,"32":9,"33":1,"34":18,"35":18,"36":18,"37":9,"38":18,"39":9,"40":18,"41":0,"42":18,"43":18,"44":0,"45":18,"46":0,"47":18,"48":18,"49":1,"50":1,"51":18,"52":0,"53":0,"54":18,"55":0,"56":0,"57":18,"58":0,"59":0,"60":18,"61":18,"62":18,"63":18,"64":9},"branchMap":{"0":{"type":"branch","line":5,"loc":{"start":{"line":5,"column":0},"end":{"line":14,"column":1}},"locations":[{"start":{"line":5,"column":0},"end":{"line":14,"column":1}}]},"1":{"type":"branch","line":6,"loc":{"start":{"line":6,"column":17},"end":{"line":12,"column":3}},"locations":[{"start":{"line":6,"column":17},"end":{"line":12,"column":3}}]},"2":{"type":"branch","line":24,"loc":{"start":{"line":24,"column":0},"end":{"line":33,"column":1}},"locations":[{"start":{"line":24,"column":0},"end":{"line":33,"column":1}}]},"3":{"type":"branch","line":26,"loc":{"start":{"line":26,"column":43},"end":{"line":31,"column":5}},"locations":[{"start":{"line":26,"column":43},"end":{"line":31,"column":5}}]},"4":{"type":"branch","line":27,"loc":{"start":{"line":27,"column":34},"end":{"line":27,"column":74}},"locations":[{"start":{"line":27,"column":34},"end":{"line":27,"column":74}}]},"5":{"type":"branch","line":28,"loc":{"start":{"line":28,"column":60},"end":{"line":29,"column":19}},"locations":[{"start":{"line":28,"column":60},"end":{"line":29,"column":19}}]},"6":{"type":"branch","line":35,"loc":{"start":{"line":35,"column":0},"end":{"line":49,"column":1}},"locations":[{"start":{"line":35,"column":0},"end":{"line":49,"column":1}}]},"7":{"type":"branch","line":37,"loc":{"start":{"line":37,"column":4},"end":{"line":38,"column":42}},"locations":[{"start":{"line":37,"column":4},"end":{"line":38,"column":42}}]},"8":{"type":"branch","line":39,"loc":{"start":{"line":39,"column":4},"end":{"line":40,"column":42}},"locations":[{"start":{"line":39,"column":4},"end":{"line":40,"column":42}}]},"9":{"type":"branch","line":41,"loc":{"start":{"line":41,"column":4},"end":{"line":42,"column":58}},"locations":[{"start":{"line":41,"column":4},"end":{"line":42,"column":58}}]},"10":{"type":"branch","line":43,"loc":{"start":{"line":43,"column":4},"end":{"line":43,"column":18}},"locations":[{"start":{"line":43,"column":4},"end":{"line":43,"column":18}}]},"11":{"type":"branch","line":44,"loc":{"start":{"line":44,"column":4},"end":{"line":45,"column":57}},"locations":[{"start":{"line":44,"column":4},"end":{"line":45,"column":57}}]},"12":{"type":"branch","line":46,"loc":{"start":{"line":46,"column":4},"end":{"line":47,"column":58}},"locations":[{"start":{"line":46,"column":4},"end":{"line":47,"column":58}}]},"13":{"type":"branch","line":51,"loc":{"start":{"line":51,"column":7},"end":{"line":65,"column":1}},"locations":[{"start":{"line":51,"column":7},"end":{"line":65,"column":1}}]},"14":{"type":"branch","line":52,"loc":{"start":{"line":52,"column":22},"end":{"line":54,"column":3}},"locations":[{"start":{"line":52,"column":22},"end":{"line":54,"column":3}}]},"15":{"type":"branch","line":55,"loc":{"start":{"line":55,"column":18},"end":{"line":57,"column":3}},"locations":[{"start":{"line":55,"column":18},"end":{"line":57,"column":3}}]},"16":{"type":"branch","line":58,"loc":{"start":{"line":58,"column":29},"end":{"line":60,"column":3}},"locations":[{"start":{"line":58,"column":29},"end":{"line":60,"column":3}}]},"17":{"type":"branch","line":64,"loc":{"start":{"line":64,"column":14},"end":{"line":64,"column":117}},"locations":[{"start":{"line":64,"column":14},"end":{"line":64,"column":117}}]},"18":{"type":"branch","line":65,"loc":{"start":{"line":65,"column":0},"end":{"line":65,"column":1}},"locations":[{"start":{"line":65,"column":0},"end":{"line":65,"column":1}}]}},"b":{"0":[9],"1":[0],"2":[9],"3":[9],"4":[0],"5":[0],"6":[18],"7":[9],"8":[9],"9":[0],"10":[0],"11":[0],"12":[0],"13":[18],"14":[0],"15":[0],"16":[0],"17":[0],"18":[9]},"fnMap":{"0":{"name":"getTypescriptStringType","decl":{"start":{"line":5,"column":0},"end":{"line":14,"column":1}},"loc":{"start":{"line":5,"column":0},"end":{"line":14,"column":1}},"line":5},"1":{"name":"getTypescriptUnionType","decl":{"start":{"line":16,"column":0},"end":{"line":22,"column":1}},"loc":{"start":{"line":16,"column":0},"end":{"line":22,"column":1}},"line":16},"2":{"name":"getTypescriptObjectType","decl":{"start":{"line":24,"column":0},"end":{"line":33,"column":1}},"loc":{"start":{"line":24,"column":0},"end":{"line":33,"column":1}},"line":24},"3":{"name":"getTypescriptLiteralType","decl":{"start":{"line":35,"column":0},"end":{"line":49,"column":1}},"loc":{"start":{"line":35,"column":0},"end":{"line":49,"column":1}},"line":35},"4":{"name":"getTypescriptType","decl":{"start":{"line":51,"column":7},"end":{"line":65,"column":1}},"loc":{"start":{"line":51,"column":7},"end":{"line":65,"column":1}},"line":51},"5":{"name":"get","decl":{"start":{"line":65,"column":0},"end":{"line":65,"column":1}},"loc":{"start":{"line":65,"column":0},"end":{"line":65,"column":1}},"line":65}},"f":{"0":9,"1":0,"2":9,"3":18,"4":18,"5":9}}
}
